<?xml version="1.0" encoding="UTF-8"?>
<!-- Generated by org.testng.reporters.JUnitReportReporter -->
<testsuite hostname="Raavi" name="com.google.SignUpTest.SignUpTest" tests="1" failures="0" timestamp="22 Feb 2015 06:59:00 GMT" time="22.276" errors="0">
  <testcase name="signUp" time="22.276" classname="com.google.SignUpTest.SignUpTest"/>
</testsuite> <!-- com.google.SignUpTest.SignUpTest -->
