<?xml version="1.0" encoding="UTF-8"?>
<!-- Generated by org.testng.reporters.JUnitReportReporter -->
<testsuite hostname="Raavi" name="com.google.SignUpTest.SignUpTest" tests="1" failures="0" timestamp="2 Mar 2015 17:20:54 GMT" time="15.816" errors="0">
  <testcase name="signUp" time="15.816" classname="com.google.SignUpTest.SignUpTest"/>
</testsuite> <!-- com.google.SignUpTest.SignUpTest -->
