<?xml version="1.0" encoding="UTF-8"?>
<!-- Generated by org.testng.reporters.JUnitReportReporter -->
<testsuite hostname="Raavi" name="com.google.SignUpTest.SignUpTest" tests="1" failures="0" timestamp="26 Mar 2015 03:41:49 GMT" time="9.989" errors="0">
  <testcase name="signUp" time="9.989" classname="com.google.SignUpTest.SignUpTest"/>
</testsuite> <!-- com.google.SignUpTest.SignUpTest -->
