<?xml version="1.0" encoding="UTF-8"?>
<!-- Generated by org.testng.reporters.JUnitReportReporter -->
<testsuite hostname="Raavi" name="com.google.SignUpTest.SignUpTest" tests="1" failures="0" timestamp="11 Apr 2015 18:54:55 GMT" time="12.225" errors="0">
  <testcase name="signUp" time="12.225" classname="com.google.SignUpTest.SignUpTest"/>
</testsuite> <!-- com.google.SignUpTest.SignUpTest -->
